# JRE version: Java(TM) SE Runtime Environment (7.0_80-b15) (build 1.7.0_80-b15)
# Java VM: Java HotSpot(TM) 64-Bit Server VM (24.80-b11 mixed mode linux-amd64 compressed oops)
Heap
 PSYoungGen      total 156672K, used 32227K [0x00000000eaa80000, 0x00000000f6780000, 0x0000000100000000)
  eden space 124416K, 0% used [0x00000000eaa80000,0x00000000eaa80000,0x00000000f2400000)
  from space 32256K, 99% used [0x00000000f2400000,0x00000000f4378e90,0x00000000f4380000)
  to   space 27648K, 0% used [0x00000000f4380000,0x00000000f4380000,0x00000000f5e80000)
 ParOldGen       total 83968K, used 58353K [0x00000000c0000000, 0x00000000c5200000, 0x00000000eaa80000)
  object space 83968K, 69% used [0x00000000c0000000,0x00000000c38fc600,0x00000000c5200000)
 PSPermGen       total 21504K, used 6940K [0x00000000bae00000, 0x00000000bc300000, 0x00000000c0000000)
  object space 21504K, 32% used [0x00000000bae00000,0x00000000bb4c72f0,0x00000000bc300000)
GC Heap History (10 events):
Event: 1.321 GC heap after
Heap after GC invocations=2 (full 0):
 PSYoungGen      total 37376K, used 5089K [0x00000000eaa80000, 0x00000000ef380000, 0x0000000100000000)
  eden space 32256K, 0% used [0x00000000eaa80000,0x00000000eaa80000,0x00000000eca00000)
  from space 5120K, 99% used [0x00000000ecf00000,0x00000000ed3f8560,0x00000000ed400000)
  to   space 5120K, 0% used [0x00000000eca00000,0x00000000eca00000,0x00000000ecf00000)
 ParOldGen       total 83968K, used 9744K [0x00000000c0000000, 0x00000000c5200000, 0x00000000eaa80000)
  object space 83968K, 11% used [0x00000000c0000000,0x00000000c0984260,0x00000000c5200000)
 PSPermGen       total 21504K, used 5658K [0x00000000bae00000, 0x00000000bc300000, 0x00000000c0000000)
  object space 21504K, 26% used [0x00000000bae00000,0x00000000bb386990,0x00000000bc300000)
}
Event: 1.848 GC heap before
{Heap before GC invocations=3 (full 0):
 PSYoungGen      total 37376K, used 37345K [0x00000000eaa80000, 0x00000000ef380000, 0x0000000100000000)
  eden space 32256K, 100% used [0x00000000eaa80000,0x00000000eca00000,0x00000000eca00000)
  from space 5120K, 99% used [0x00000000ecf00000,0x00000000ed3f8560,0x00000000ed400000)
  to   space 5120K, 0% used [0x00000000eca00000,0x00000000eca00000,0x00000000ecf00000)
 ParOldGen       total 83968K, used 9744K [0x00000000c0000000, 0x00000000c5200000, 0x00000000eaa80000)
  object space 83968K, 11% used [0x00000000c0000000,0x00000000c0984260,0x00000000c5200000)
 PSPermGen       total 21504K, used 6789K [0x00000000bae00000, 0x00000000bc300000, 0x00000000c0000000)
  object space 21504K, 31% used [0x00000000bae00000,0x00000000bb4a17a8,0x00000000bc300000)
Event: 1.854 GC heap after
Heap after GC invocations=3 (full 0):
 PSYoungGen      total 37376K, used 5089K [0x00000000eaa80000, 0x00000000ef380000, 0x0000000100000000)
  eden space 32256K, 0% used [0x00000000eaa80000,0x00000000eaa80000,0x00000000eca00000)
  from space 5120K, 99% used [0x00000000eca00000,0x00000000ecef8578,0x00000000ecf00000)
  to   space 5120K, 0% used [0x00000000eee80000,0x00000000eee80000,0x00000000ef380000)
 ParOldGen       total 83968K, used 14260K [0x00000000c0000000, 0x00000000c5200000, 0x00000000eaa80000)
  object space 83968K, 16% used [0x00000000c0000000,0x00000000c0ded2b0,0x00000000c5200000)
 PSPermGen       total 21504K, used 6789K [0x00000000bae00000, 0x00000000bc300000, 0x00000000c0000000)
  object space 21504K, 31% used [0x00000000bae00000,0x00000000bb4a17a8,0x00000000bc300000)
}
Event: 2.023 GC heap before
{Heap before GC invocations=4 (full 0):
 PSYoungGen      total 37376K, used 37345K [0x00000000eaa80000, 0x00000000ef380000, 0x0000000100000000)
  eden space 32256K, 100% used [0x00000000eaa80000,0x00000000eca00000,0x00000000eca00000)
  from space 5120K, 99% used [0x00000000eca00000,0x00000000ecef8578,0x00000000ecf00000)
  to   space 5120K, 0% used [0x00000000eee80000,0x00000000eee80000,0x00000000ef380000)
 ParOldGen       total 83968K, used 14260K [0x00000000c0000000, 0x00000000c5200000, 0x00000000eaa80000)
  object space 83968K, 16% used [0x00000000c0000000,0x00000000c0ded2b0,0x00000000c5200000)
 PSPermGen       total 21504K, used 6822K [0x00000000bae00000, 0x00000000bc300000, 0x00000000c0000000)
  object space 21504K, 31% used [0x00000000bae00000,0x00000000bb4a9b18,0x00000000bc300000)
Event: 2.047 GC heap after
Heap after GC invocations=4 (full 0):
 PSYoungGen      total 69632K, used 4701K [0x00000000eaa80000, 0x00000000ef380000, 0x0000000100000000)
  eden space 64512K, 0% used [0x00000000eaa80000,0x00000000eaa80000,0x00000000ee980000)
  from space 5120K, 91% used [0x00000000eee80000,0x00000000ef3174d0,0x00000000ef380000)
  to   space 5120K, 0% used [0x00000000ee980000,0x00000000ee980000,0x00000000eee80000)
 ParOldGen       total 83968K, used 16891K [0x00000000c0000000, 0x00000000c5200000, 0x00000000eaa80000)
  object space 83968K, 20% used [0x00000000c0000000,0x00000000c107ee40,0x00000000c5200000)
 PSPermGen       total 21504K, used 6822K [0x00000000bae00000, 0x00000000bc300000, 0x00000000c0000000)
  object space 21504K, 31% used [0x00000000bae00000,0x00000000bb4a9b18,0x00000000bc300000)
}
Event: 2.299 GC heap before
{Heap before GC invocations=5 (full 0):
 PSYoungGen      total 69632K, used 69213K [0x00000000eaa80000, 0x00000000ef380000, 0x0000000100000000)
  eden space 64512K, 100% used [0x00000000eaa80000,0x00000000ee980000,0x00000000ee980000)
  from space 5120K, 91% used [0x00000000eee80000,0x00000000ef3174d0,0x00000000ef380000)
  to   space 5120K, 0% used [0x00000000ee980000,0x00000000ee980000,0x00000000eee80000)
 ParOldGen       total 83968K, used 16891K [0x00000000c0000000, 0x00000000c5200000, 0x00000000eaa80000)
  object space 83968K, 20% used [0x00000000c0000000,0x00000000c107ee40,0x00000000c5200000)
 PSPermGen       total 21504K, used 6922K [0x00000000bae00000, 0x00000000bc300000, 0x00000000c0000000)
  object space 21504K, 32% used [0x00000000bae00000,0x00000000bb4c2a30,0x00000000bc300000)
Event: 2.328 GC heap after
Heap after GC invocations=5 (full 0):
 PSYoungGen      total 69632K, used 5099K [0x00000000eaa80000, 0x00000000f5e80000, 0x0000000100000000)
  eden space 64512K, 0% used [0x00000000eaa80000,0x00000000eaa80000,0x00000000ee980000)
  from space 5120K, 99% used [0x00000000ee980000,0x00000000eee7ad28,0x00000000eee80000)
  to   space 27648K, 0% used [0x00000000f4380000,0x00000000f4380000,0x00000000f5e80000)
 ParOldGen       total 83968K, used 42460K [0x00000000c0000000, 0x00000000c5200000, 0x00000000eaa80000)
  object space 83968K, 50% used [0x00000000c0000000,0x00000000c2977178,0x00000000c5200000)
 PSPermGen       total 21504K, used 6922K [0x00000000bae00000, 0x00000000bc300000, 0x00000000c0000000)
  object space 21504K, 32% used [0x00000000bae00000,0x00000000bb4c2a30,0x00000000bc300000)
}
Event: 2.470 GC heap before
{Heap before GC invocations=6 (full 0):
 PSYoungGen      total 69632K, used 69359K [0x00000000eaa80000, 0x00000000f5e80000, 0x0000000100000000)
  eden space 64512K, 99% used [0x00000000eaa80000,0x00000000ee941048,0x00000000ee980000)
  from space 5120K, 99% used [0x00000000ee980000,0x00000000eee7ad28,0x00000000eee80000)
  to   space 27648K, 0% used [0x00000000f4380000,0x00000000f4380000,0x00000000f5e80000)
 ParOldGen       total 83968K, used 42460K [0x00000000c0000000, 0x00000000c5200000, 0x00000000eaa80000)
  object space 83968K, 50% used [0x00000000c0000000,0x00000000c2977178,0x00000000c5200000)
 PSPermGen       total 21504K, used 6929K [0x00000000bae00000, 0x00000000bc300000, 0x00000000c0000000)
  object space 21504K, 32% used [0x00000000bae00000,0x00000000bb4c4710,0x00000000bc300000)
Event: 2.478 GC heap after
Heap after GC invocations=6 (full 0):
 PSYoungGen      total 152064K, used 25257K [0x00000000eaa80000, 0x00000000f6780000, 0x0000000100000000)
  eden space 124416K, 0% used [0x00000000eaa80000,0x00000000eaa80000,0x00000000f2400000)
  from space 27648K, 91% used [0x00000000f4380000,0x00000000f5c2a760,0x00000000f5e80000)
  to   space 32256K, 0% used [0x00000000f2400000,0x00000000f2400000,0x00000000f4380000)
 ParOldGen       total 83968K, used 42460K [0x00000000c0000000, 0x00000000c5200000, 0x00000000eaa80000)
  object space 83968K, 50% used [0x00000000c0000000,0x00000000c2977178,0x00000000c5200000)
 PSPermGen       total 21504K, used 6929K [0x00000000bae00000, 0x00000000bc300000, 0x00000000c0000000)
  object space 21504K, 32% used [0x00000000bae00000,0x00000000bb4c4710,0x00000000bc300000)
}
Event: 2.715 GC heap before
{Heap before GC invocations=7 (full 0):
 PSYoungGen      total 152064K, used 149673K [0x00000000eaa80000, 0x00000000f6780000, 0x0000000100000000)
  eden space 124416K, 100% used [0x00000000eaa80000,0x00000000f2400000,0x00000000f2400000)
  from space 27648K, 91% used [0x00000000f4380000,0x00000000f5c2a760,0x00000000f5e80000)
  to   space 32256K, 0% used [0x00000000f2400000,0x00000000f2400000,0x00000000f4380000)
 ParOldGen       total 83968K, used 42460K [0x00000000c0000000, 0x00000000c5200000, 0x00000000eaa80000)
  object space 83968K, 50% used [0x00000000c0000000,0x00000000c2977178,0x00000000c5200000)
 PSPermGen       total 21504K, used 6940K [0x00000000bae00000, 0x00000000bc300000, 0x00000000c0000000)
  object space 21504K, 32% used [0x00000000bae00000,0x00000000bb4c72f0,0x00000000bc300000)

