# JRE version: Java(TM) SE Runtime Environment (7.0_80-b15) (build 1.7.0_80-b15)
# Java VM: Java HotSpot(TM) 64-Bit Server VM (24.80-b11 mixed mode linux-amd64 compressed oops)
Heap
 PSYoungGen      total 310784K, used 0K [0x00000000eaa80000, 0x0000000100000000, 0x0000000100000000)
  eden space 271872K, 0% used [0x00000000eaa80000,0x00000000eaa80000,0x00000000fb400000)
  from space 38912K, 0% used [0x00000000fb400000,0x00000000fb400000,0x00000000fda00000)
  to   space 38912K, 0% used [0x00000000fda00000,0x00000000fda00000,0x0000000100000000)
 ParOldGen       total 112640K, used 38022K [0x00000000c0000000, 0x00000000c6e00000, 0x00000000eaa80000)
  object space 112640K, 33% used [0x00000000c0000000,0x00000000c2521a90,0x00000000c6e00000)
 PSPermGen       total 21504K, used 6956K [0x00000000bae00000, 0x00000000bc300000, 0x00000000c0000000)
  object space 21504K, 32% used [0x00000000bae00000,0x00000000bb4cb260,0x00000000bc300000)
GC Heap History (10 events):
Event: 3.039 GC heap after
Heap after GC invocations=7 (full 0):
 PSYoungGen      total 151040K, used 17729K [0x00000000eaa80000, 0x00000000fd280000, 0x0000000100000000)
  eden space 126976K, 0% used [0x00000000eaa80000,0x00000000eaa80000,0x00000000f2680000)
  from space 24064K, 73% used [0x00000000f2680000,0x00000000f37d0538,0x00000000f3e00000)
  to   space 24576K, 0% used [0x00000000fba80000,0x00000000fba80000,0x00000000fd280000)
 ParOldGen       total 83968K, used 40311K [0x00000000c0000000, 0x00000000c5200000, 0x00000000eaa80000)
  object space 83968K, 48% used [0x00000000c0000000,0x00000000c275de40,0x00000000c5200000)
 PSPermGen       total 21504K, used 6948K [0x00000000bae00000, 0x00000000bc300000, 0x00000000c0000000)
  object space 21504K, 32% used [0x00000000bae00000,0x00000000bb4c9148,0x00000000bc300000)
}
Event: 3.223 GC heap before
{Heap before GC invocations=8 (full 0):
 PSYoungGen      total 151040K, used 144705K [0x00000000eaa80000, 0x00000000fd280000, 0x0000000100000000)
  eden space 126976K, 100% used [0x00000000eaa80000,0x00000000f2680000,0x00000000f2680000)
  from space 24064K, 73% used [0x00000000f2680000,0x00000000f37d0538,0x00000000f3e00000)
  to   space 24576K, 0% used [0x00000000fba80000,0x00000000fba80000,0x00000000fd280000)
 ParOldGen       total 83968K, used 40311K [0x00000000c0000000, 0x00000000c5200000, 0x00000000eaa80000)
  object space 83968K, 48% used [0x00000000c0000000,0x00000000c275de40,0x00000000c5200000)
 PSPermGen       total 21504K, used 6949K [0x00000000bae00000, 0x00000000bc300000, 0x00000000c0000000)
  object space 21504K, 32% used [0x00000000bae00000,0x00000000bb4c9780,0x00000000bc300000)
Event: 3.231 GC heap after
Heap after GC invocations=8 (full 0):
 PSYoungGen      total 271360K, used 24546K [0x00000000eaa80000, 0x00000000fe080000, 0x0000000100000000)
  eden space 246784K, 0% used [0x00000000eaa80000,0x00000000eaa80000,0x00000000f9b80000)
  from space 24576K, 99% used [0x00000000fba80000,0x00000000fd2788a8,0x00000000fd280000)
  to   space 31744K, 0% used [0x00000000f9b80000,0x00000000f9b80000,0x00000000fba80000)
 ParOldGen       total 83968K, used 48612K [0x00000000c0000000, 0x00000000c5200000, 0x00000000eaa80000)
  object space 83968K, 57% used [0x00000000c0000000,0x00000000c2f793f0,0x00000000c5200000)
 PSPermGen       total 21504K, used 6949K [0x00000000bae00000, 0x00000000bc300000, 0x00000000c0000000)
  object space 21504K, 32% used [0x00000000bae00000,0x00000000bb4c9780,0x00000000bc300000)
}
Event: 3.719 GC heap before
{Heap before GC invocations=9 (full 0):
 PSYoungGen      total 271360K, used 271330K [0x00000000eaa80000, 0x00000000fe080000, 0x0000000100000000)
  eden space 246784K, 100% used [0x00000000eaa80000,0x00000000f9b80000,0x00000000f9b80000)
  from space 24576K, 99% used [0x00000000fba80000,0x00000000fd2788a8,0x00000000fd280000)
  to   space 31744K, 0% used [0x00000000f9b80000,0x00000000f9b80000,0x00000000fba80000)
 ParOldGen       total 83968K, used 48612K [0x00000000c0000000, 0x00000000c5200000, 0x00000000eaa80000)
  object space 83968K, 57% used [0x00000000c0000000,0x00000000c2f793f0,0x00000000c5200000)
 PSPermGen       total 21504K, used 6955K [0x00000000bae00000, 0x00000000bc300000, 0x00000000c0000000)
  object space 21504K, 32% used [0x00000000bae00000,0x00000000bb4caf78,0x00000000bc300000)
Event: 3.730 GC heap after
Heap after GC invocations=9 (full 0):
 PSYoungGen      total 278528K, used 29316K [0x00000000eaa80000, 0x0000000100000000, 0x0000000100000000)
  eden space 246784K, 0% used [0x00000000eaa80000,0x00000000eaa80000,0x00000000f9b80000)
  from space 31744K, 92% used [0x00000000f9b80000,0x00000000fb8213e0,0x00000000fba80000)
  to   space 35328K, 0% used [0x00000000fdd80000,0x00000000fdd80000,0x0000000100000000)
 ParOldGen       total 83968K, used 53384K [0x00000000c0000000, 0x00000000c5200000, 0x00000000eaa80000)
  object space 83968K, 63% used [0x00000000c0000000,0x00000000c34221f8,0x00000000c5200000)
 PSPermGen       total 21504K, used 6955K [0x00000000bae00000, 0x00000000bc300000, 0x00000000c0000000)
  object space 21504K, 32% used [0x00000000bae00000,0x00000000bb4caf78,0x00000000bc300000)
}
Event: 4.059 GC heap before
{Heap before GC invocations=10 (full 0):
 PSYoungGen      total 278528K, used 276100K [0x00000000eaa80000, 0x0000000100000000, 0x0000000100000000)
  eden space 246784K, 100% used [0x00000000eaa80000,0x00000000f9b80000,0x00000000f9b80000)
  from space 31744K, 92% used [0x00000000f9b80000,0x00000000fb8213e0,0x00000000fba80000)
  to   space 35328K, 0% used [0x00000000fdd80000,0x00000000fdd80000,0x0000000100000000)
 ParOldGen       total 83968K, used 53384K [0x00000000c0000000, 0x00000000c5200000, 0x00000000eaa80000)
  object space 83968K, 63% used [0x00000000c0000000,0x00000000c34221f8,0x00000000c5200000)
 PSPermGen       total 21504K, used 6958K [0x00000000bae00000, 0x00000000bc300000, 0x00000000c0000000)
  object space 21504K, 32% used [0x00000000bae00000,0x00000000bb4cb830,0x00000000bc300000)
Event: 4.071 GC heap after
Heap after GC invocations=10 (full 0):
 PSYoungGen      total 307200K, used 31416K [0x00000000eaa80000, 0x0000000100000000, 0x0000000100000000)
  eden space 271872K, 0% used [0x00000000eaa80000,0x00000000eaa80000,0x00000000fb400000)
  from space 35328K, 88% used [0x00000000fdd80000,0x00000000ffc2e328,0x0000000100000000)
  to   space 38912K, 0% used [0x00000000fb400000,0x00000000fb400000,0x00000000fda00000)
 ParOldGen       total 83968K, used 65555K [0x00000000c0000000, 0x00000000c5200000, 0x00000000eaa80000)
  object space 83968K, 78% used [0x00000000c0000000,0x00000000c4004f48,0x00000000c5200000)
 PSPermGen       total 21504K, used 6958K [0x00000000bae00000, 0x00000000bc300000, 0x00000000c0000000)
  object space 21504K, 32% used [0x00000000bae00000,0x00000000bb4cb830,0x00000000bc300000)
}
Event: 4.685 GC heap before
{Heap before GC invocations=11 (full 0):
 PSYoungGen      total 307200K, used 303288K [0x00000000eaa80000, 0x0000000100000000, 0x0000000100000000)
  eden space 271872K, 100% used [0x00000000eaa80000,0x00000000fb400000,0x00000000fb400000)
  from space 35328K, 88% used [0x00000000fdd80000,0x00000000ffc2e328,0x0000000100000000)
  to   space 38912K, 0% used [0x00000000fb400000,0x00000000fb400000,0x00000000fda00000)
 ParOldGen       total 83968K, used 65555K [0x00000000c0000000, 0x00000000c5200000, 0x00000000eaa80000)
  object space 83968K, 78% used [0x00000000c0000000,0x00000000c4004f48,0x00000000c5200000)
 PSPermGen       total 21504K, used 6959K [0x00000000bae00000, 0x00000000bc300000, 0x00000000c0000000)
  object space 21504K, 32% used [0x00000000bae00000,0x00000000bb4cbe18,0x00000000bc300000)
Event: 4.938 GC heap after
Heap after GC invocations=11 (full 0):
 PSYoungGen      total 310784K, used 38570K [0x00000000eaa80000, 0x0000000100000000, 0x0000000100000000)
  eden space 271872K, 0% used [0x00000000eaa80000,0x00000000eaa80000,0x00000000fb400000)
  from space 38912K, 99% used [0x00000000fb400000,0x00000000fd9aa9d8,0x00000000fda00000)
  to   space 38912K, 0% used [0x00000000fda00000,0x00000000fda00000,0x0000000100000000)
 ParOldGen       total 112640K, used 107310K [0x00000000c0000000, 0x00000000c6e00000, 0x00000000eaa80000)
  object space 112640K, 95% used [0x00000000c0000000,0x00000000c68cb968,0x00000000c6e00000)
 PSPermGen       total 21504K, used 6959K [0x00000000bae00000, 0x00000000bc300000, 0x00000000c0000000)
  object space 21504K, 32% used [0x00000000bae00000,0x00000000bb4cbe18,0x00000000bc300000)
}
Event: 5.112 GC heap before
{Heap before GC invocations=12 (full 1):
 PSYoungGen      total 310784K, used 38570K [0x00000000eaa80000, 0x0000000100000000, 0x0000000100000000)
  eden space 271872K, 0% used [0x00000000eaa80000,0x00000000eaa80000,0x00000000fb400000)
  from space 38912K, 99% used [0x00000000fb400000,0x00000000fd9aa9d8,0x00000000fda00000)
  to   space 38912K, 0% used [0x00000000fda00000,0x00000000fda00000,0x0000000100000000)
 ParOldGen       total 112640K, used 107310K [0x00000000c0000000, 0x00000000c6e00000, 0x00000000eaa80000)
  object space 112640K, 95% used [0x00000000c0000000,0x00000000c68cb968,0x00000000c6e00000)
 PSPermGen       total 21504K, used 6959K [0x00000000bae00000, 0x00000000bc300000, 0x00000000c0000000)
  object space 21504K, 32% used [0x00000000bae00000,0x00000000bb4cbe18,0x00000000bc300000)

